<?xml version="1.0" encoding="UTF-8"?>
<!-- Generated by org.testng.reporters.JUnitXMLReporter -->
<testsuite ignored="0" hostname="LAPTOP-IG81UO9R" failures="0" tests="3" name="Test" time="28.653" errors="0" timestamp="2023-07-26T10:05:06 IST">
  <testcase classname="eComerseProject.FlipKart" name="flipKartTest" time="9.076"/>
  <testcase classname="eComerseProject.Ajio" name="ajioTest" time="13.048"/>
  <testcase classname="eComerseProject.Amazon" name="amazonTest" time="6.478"/>
</testsuite> <!-- Test -->
