<?xml version="1.0" encoding="UTF-8"?>
<!-- Generated by org.testng.reporters.JUnitXMLReporter -->
<testsuite ignored="0" hostname="LAPTOP-IG81UO9R" failures="0" tests="3" name="Test" time="22.238" errors="0" timestamp="2023-07-25T13:48:26 IST">
  <testcase classname="eComerseProject.FlipKart" name="flipKartTest" time="7.474"/>
  <testcase classname="eComerseProject.Ajio" name="ajioTest" time="7.493"/>
  <testcase classname="eComerseProject.Amazon" name="amazonTest" time="7.213"/>
</testsuite> <!-- Test -->
